{
  "stats": {
    "suites": 0,
    "tests": 0,
    "passes": 0,
    "pending": 0,
    "failures": 0,
    "start": "2022-04-08T13:52:19.476Z",
    "end": "2022-04-08T13:52:19.476Z",
    "duration": 0,
    "testsRegistered": 0,
    "passPercent": null,
    "pendingPercent": null,
    "other": 0,
    "hasOther": false,
    "skipped": 0,
    "hasSkipped": false
  },
  "results": [
    false
  ],
  "meta": {
    "mocha": {
      "version": "9.2.2"
    },
    "mochawesome": {
      "options": {
        "quiet": false,
        "reportFilename": "mochawesome",
        "saveHtml": true,
        "saveJson": true,
        "consoleReporter": "spec",
        "useInlineDiffs": false,
        "code": true
      },
      "version": "7.1.3"
    },
    "marge": {
      "options": {
        "reportDir": "/Users/admin/workspace/ps.ws/staticpod-csms-ts-server/execution-report/2022/04/08/23:52:15",
        "reportTitle": "Staticpod CSMS Compliance Report",
        "reportPageTitle": "Compliance Report",
        "charts": true
      },
      "version": "6.2.0"
    }
  }
}